<?xml version="1.0" encoding="UTF-8"?>
<!-- Generated by org.testng.reporters.JUnitReportReporter -->
<testsuite skipped="0" hostname="DESKTOP-4K87757" name="Qaclickacademy.AppiumTest" tests="2" failures="0" timestamp="12 Apr 2020 08:34:55 GMT" time="0.008" errors="0">
  <testcase name="IOSApps" time="0.006" classname="Qaclickacademy.AppiumTest"/>
  <testcase name="NativeAppAndroid" time="0.002" classname="Qaclickacademy.AppiumTest"/>
</testsuite> <!-- Qaclickacademy.AppiumTest -->
