<?xml version="1.0" encoding="UTF-8"?>
<!-- Generated by org.testng.reporters.JUnitReportReporter -->
<testsuite skipped="0" hostname="DESKTOP-4K87757" name="Qaclickacademy.RestAPITest" tests="2" failures="0" timestamp="12 Apr 2020 08:34:55 GMT" time="0.035" errors="0">
  <testcase name="deleteTwitter" time="0.033" classname="Qaclickacademy.RestAPITest"/>
  <testcase name="postJira" time="0.002" classname="Qaclickacademy.RestAPITest"/>
</testsuite> <!-- Qaclickacademy.RestAPITest -->
