<?xml version="1.0" encoding="UTF-8"?>
<!-- Generated by org.testng.reporters.JUnitReportReporter -->
<testsuite skipped="0" hostname="DESKTOP-4K87757" name="Qaclickacademy.AppiumTest" tests="2" failures="0" timestamp="2020-04-11T12:53:05 IST" time="0.000" errors="0">
  <testcase name="NativeAppAndroid" time="0.000" classname="Qaclickacademy.AppiumTest"/>
  <system-out/>
  <testcase name="IOSApps" time="0.000" classname="Qaclickacademy.AppiumTest"/>
  <system-out/>
</testsuite> <!-- Qaclickacademy.AppiumTest -->
