<?xml version="1.0" encoding="UTF-8"?>
<!-- Generated by org.testng.reporters.JUnitReportReporter -->
<testsuite skipped="0" hostname="DESKTOP-4K87757" name="Qaclickacademy.SeleniumTest" tests="2" failures="0" timestamp="2020-04-11T12:53:05 IST" time="0.000" errors="0">
  <testcase name="elementUi" time="0.000" classname="Qaclickacademy.SeleniumTest"/>
  <system-out/>
  <testcase name="BrowserAutomation" time="0.000" classname="Qaclickacademy.SeleniumTest"/>
  <system-out/>
</testsuite> <!-- Qaclickacademy.SeleniumTest -->
